#
# A fatal error has been detected by the Java Runtime Environment:
#
#  Internal Error (os_windows_x86.cpp:143), pid=17208, tid=8820
#  guarantee(result == EXCEPTION_CONTINUE_EXECUTION) failed: Unexpected result from topLevelExceptionFilter
#
# JRE version: Java(TM) SE Runtime Environment (23.0.1+11) (build 23.0.1+11-39)
# Java VM: Java HotSpot(TM) 64-Bit Server VM (23.0.1+11-39, mixed mode, sharing, tiered, compressed oops, compressed class ptrs, g1 gc, windows-amd64)
# No core dump will be written. Minidumps are not enabled by default on client versions of Windows
#
# If you would like to submit a bug report, please visit:
#   https://bugreport.java.com/bugreport/crash.jsp
# The crash happened outside the Java Virtual Machine in native code.
# See problematic frame for where to report the bug.
#

---------------  S U M M A R Y ------------

Command Line: -Dfile.encoding=UTF8 -ea -Xmx1024m 

Host: Intel(R) Core(TM) i5-10210U CPU @ 1.60GHz, 8 cores, 7G,  Windows 11 , 64 bit Build 22621 (10.0.22621.5262)
Time: Wed Jul  9 11:27:28 2025 대한민국 표준시 elapsed time: 279.883792 seconds (0d 0h 4m 39s)

---------------  T H R E A D  ---------------

Current thread (0x000002477def9f10):  JavaThread "Python Reference Queue" daemon [_thread_in_native, id=8820, stack(0x00000076a4430000,0x00000076a4620000) (1984K)]

Stack: [0x00000076a4430000,0x00000076a4620000]
Native frames: (J=compiled Java code, j=interpreted, Vv=VM code, C=native code)
